<?xml version="1.0" encoding="UTF-8"?>
<coverage generated="1593097257844" clover="3.2.0">
  <project timestamp="1593097257844" name="All files">
    <metrics statements="7" coveredstatements="7" conditionals="2" coveredconditionals="2" methods="3" coveredmethods="3" elements="12" coveredelements="12" complexity="0" loc="7" ncloc="7" packages="1" files="1" classes="1"/>
    <file name="for_testing.js" path="/home/maaush/git/part3-notes-backend/utils/for_testing.js">
      <metrics statements="7" coveredstatements="7" conditionals="2" coveredconditionals="2" methods="3" coveredmethods="3"/>
      <line num="1" count="2" type="stmt"/>
      <line num="2" count="3" type="stmt"/>
      <line num="8" count="2" type="stmt"/>
      <line num="9" count="3" type="stmt"/>
      <line num="10" count="7" type="stmt"/>
      <line num="13" count="3" type="cond" truecount="2" falsecount="0"/>
      <line num="18" count="2" type="stmt"/>
    </file>
  </project>
</coverage>
